<?xml version="1.0" encoding="UTF-8"?>
<!-- Generated by org.testng.reporters.JUnitReportReporter -->
<testsuite skipped="0" hostname="DESKTOP-INQUNRP" name="com.assuranceNavigationTests.MousehoverLinkTest" tests="1" failures="0" timestamp="2021-02-14T19:56:30 EST" time="0.252" errors="0">
  <testcase name="MousehoverLinkRegression" time="0.252" classname="com.assuranceNavigationTests.MousehoverLinkTest"/>
</testsuite> <!-- com.assuranceNavigationTests.MousehoverLinkTest -->
