<?xml version="1.0" encoding="UTF-8"?>
<!-- Generated by org.testng.reporters.JUnitReportReporter -->
<testsuite skipped="0" hostname="DESKTOP-INQUNRP" name="com.assuranceBase.BaseTest" tests="1" failures="0" timestamp="2021-02-07T19:17:00 EST" time="0.012" errors="0">
  <testcase name="testing1" time="0.012" classname="com.assuranceBase.BaseTest"/>
</testsuite> <!-- com.assuranceBase.BaseTest -->
