<?xml version="1.0" encoding="UTF-8"?>
<!-- Generated by org.testng.reporters.JUnitReportReporter -->
<testsuite skipped="0" hostname="DESKTOP-INQUNRP" name="com.assuranceLoginTests.LoginTest" tests="1" failures="0" timestamp="2021-02-07T21:04:28 EST" time="7.382" errors="0">
  <testcase name="loginRegresationTest" time="7.382" classname="com.assuranceLoginTests.LoginTest"/>
</testsuite> <!-- com.assuranceLoginTests.LoginTest -->
