<?xml version="1.0" encoding="UTF-8"?>
<!-- Generated by org.testng.reporters.JUnitReportReporter -->
<testsuite skipped="0" hostname="DESKTOP-INQUNRP" name="com.assuranceNavigationTests.MousehoverLinkTest" tests="1" failures="0" timestamp="2021-02-07T21:04:28 EST" time="0.777" errors="0">
  <testcase name="MousehoverLinkRegression" time="0.777" classname="com.assuranceNavigationTests.MousehoverLinkTest"/>
</testsuite> <!-- com.assuranceNavigationTests.MousehoverLinkTest -->
